INFO - 2023-04-18 03:38:18 --> Session: Class initialized using 'CodeIgniter\Session\Handlers\FileHandler' driver.
WARNING - 2023-04-18 03:38:18 --> Session: Sessions is enabled, and one exists.Please don't $session->start();
INFO - 2023-04-18 03:38:21 --> Session: Class initialized using 'CodeIgniter\Session\Handlers\FileHandler' driver.
WARNING - 2023-04-18 03:38:21 --> Session: Sessions is enabled, and one exists.Please don't $session->start();
INFO - 2023-04-18 03:38:25 --> Session: Class initialized using 'CodeIgniter\Session\Handlers\FileHandler' driver.
WARNING - 2023-04-18 03:38:25 --> Session: Sessions is enabled, and one exists.Please don't $session->start();
INFO - 2023-04-18 03:38:25 --> Session: Class initialized using 'CodeIgniter\Session\Handlers\FileHandler' driver.
WARNING - 2023-04-18 03:38:25 --> Session: Sessions is enabled, and one exists.Please don't $session->start();
INFO - 2023-04-18 03:38:25 --> Session: Class initialized using 'CodeIgniter\Session\Handlers\FileHandler' driver.
WARNING - 2023-04-18 03:38:25 --> Session: Sessions is enabled, and one exists.Please don't $session->start();
INFO - 2023-04-18 03:38:27 --> Session: Class initialized using 'CodeIgniter\Session\Handlers\FileHandler' driver.
WARNING - 2023-04-18 03:38:27 --> Session: Sessions is enabled, and one exists.Please don't $session->start();
INFO - 2023-04-18 03:38:27 --> Session: Class initialized using 'CodeIgniter\Session\Handlers\FileHandler' driver.
WARNING - 2023-04-18 03:38:27 --> Session: Sessions is enabled, and one exists.Please don't $session->start();
INFO - 2023-04-18 03:38:57 --> Session: Class initialized using 'CodeIgniter\Session\Handlers\FileHandler' driver.
WARNING - 2023-04-18 03:38:57 --> Session: Sessions is enabled, and one exists.Please don't $session->start();
INFO - 2023-04-18 03:38:57 --> Session: Class initialized using 'CodeIgniter\Session\Handlers\FileHandler' driver.
WARNING - 2023-04-18 03:38:57 --> Session: Sessions is enabled, and one exists.Please don't $session->start();
INFO - 2023-04-18 04:16:21 --> Session: Class initialized using 'CodeIgniter\Session\Handlers\FileHandler' driver.
WARNING - 2023-04-18 04:16:21 --> Session: Sessions is enabled, and one exists.Please don't $session->start();
INFO - 2023-04-18 04:16:21 --> Session: Class initialized using 'CodeIgniter\Session\Handlers\FileHandler' driver.
WARNING - 2023-04-18 04:16:21 --> Session: Sessions is enabled, and one exists.Please don't $session->start();
INFO - 2023-04-18 04:16:21 --> Session: Class initialized using 'CodeIgniter\Session\Handlers\FileHandler' driver.
WARNING - 2023-04-18 04:16:21 --> Session: Sessions is enabled, and one exists.Please don't $session->start();
INFO - 2023-04-18 04:16:23 --> Session: Class initialized using 'CodeIgniter\Session\Handlers\FileHandler' driver.
WARNING - 2023-04-18 04:16:23 --> Session: Sessions is enabled, and one exists.Please don't $session->start();
INFO - 2023-04-18 04:16:23 --> Session: Class initialized using 'CodeIgniter\Session\Handlers\FileHandler' driver.
WARNING - 2023-04-18 04:16:23 --> Session: Sessions is enabled, and one exists.Please don't $session->start();
INFO - 2023-04-18 04:16:30 --> Session: Class initialized using 'CodeIgniter\Session\Handlers\FileHandler' driver.
WARNING - 2023-04-18 04:16:30 --> Session: Sessions is enabled, and one exists.Please don't $session->start();
INFO - 2023-04-18 04:31:36 --> Session: Class initialized using 'CodeIgniter\Session\Handlers\FileHandler' driver.
WARNING - 2023-04-18 04:31:36 --> Session: Sessions is enabled, and one exists.Please don't $session->start();
INFO - 2023-04-18 04:31:36 --> Session: Class initialized using 'CodeIgniter\Session\Handlers\FileHandler' driver.
WARNING - 2023-04-18 04:31:36 --> Session: Sessions is enabled, and one exists.Please don't $session->start();
INFO - 2023-04-18 04:31:36 --> Session: Class initialized using 'CodeIgniter\Session\Handlers\FileHandler' driver.
WARNING - 2023-04-18 04:31:36 --> Session: Sessions is enabled, and one exists.Please don't $session->start();
INFO - 2023-04-18 04:31:38 --> Session: Class initialized using 'CodeIgniter\Session\Handlers\FileHandler' driver.
WARNING - 2023-04-18 04:31:38 --> Session: Sessions is enabled, and one exists.Please don't $session->start();
INFO - 2023-04-18 04:31:38 --> Session: Class initialized using 'CodeIgniter\Session\Handlers\FileHandler' driver.
WARNING - 2023-04-18 04:31:38 --> Session: Sessions is enabled, and one exists.Please don't $session->start();
INFO - 2023-04-18 04:32:12 --> Session: Class initialized using 'CodeIgniter\Session\Handlers\FileHandler' driver.
WARNING - 2023-04-18 04:32:12 --> Session: Sessions is enabled, and one exists.Please don't $session->start();
INFO - 2023-04-18 04:32:12 --> Session: Class initialized using 'CodeIgniter\Session\Handlers\FileHandler' driver.
WARNING - 2023-04-18 04:32:12 --> Session: Sessions is enabled, and one exists.Please don't $session->start();
INFO - 2023-04-18 04:32:12 --> Session: Class initialized using 'CodeIgniter\Session\Handlers\FileHandler' driver.
WARNING - 2023-04-18 04:32:12 --> Session: Sessions is enabled, and one exists.Please don't $session->start();
INFO - 2023-04-18 04:32:13 --> Session: Class initialized using 'CodeIgniter\Session\Handlers\FileHandler' driver.
WARNING - 2023-04-18 04:32:13 --> Session: Sessions is enabled, and one exists.Please don't $session->start();
INFO - 2023-04-18 04:32:14 --> Session: Class initialized using 'CodeIgniter\Session\Handlers\FileHandler' driver.
WARNING - 2023-04-18 04:32:14 --> Session: Sessions is enabled, and one exists.Please don't $session->start();
INFO - 2023-04-18 04:32:47 --> Session: Class initialized using 'CodeIgniter\Session\Handlers\FileHandler' driver.
WARNING - 2023-04-18 04:32:47 --> Session: Sessions is enabled, and one exists.Please don't $session->start();
INFO - 2023-04-18 04:32:47 --> Session: Class initialized using 'CodeIgniter\Session\Handlers\FileHandler' driver.
WARNING - 2023-04-18 04:32:47 --> Session: Sessions is enabled, and one exists.Please don't $session->start();
INFO - 2023-04-18 04:32:47 --> Session: Class initialized using 'CodeIgniter\Session\Handlers\FileHandler' driver.
WARNING - 2023-04-18 04:32:47 --> Session: Sessions is enabled, and one exists.Please don't $session->start();
INFO - 2023-04-18 04:32:48 --> Session: Class initialized using 'CodeIgniter\Session\Handlers\FileHandler' driver.
WARNING - 2023-04-18 04:32:48 --> Session: Sessions is enabled, and one exists.Please don't $session->start();
INFO - 2023-04-18 04:32:49 --> Session: Class initialized using 'CodeIgniter\Session\Handlers\FileHandler' driver.
WARNING - 2023-04-18 04:32:49 --> Session: Sessions is enabled, and one exists.Please don't $session->start();
INFO - 2023-04-18 04:33:25 --> Session: Class initialized using 'CodeIgniter\Session\Handlers\FileHandler' driver.
WARNING - 2023-04-18 04:33:25 --> Session: Sessions is enabled, and one exists.Please don't $session->start();
INFO - 2023-04-18 04:33:25 --> Session: Class initialized using 'CodeIgniter\Session\Handlers\FileHandler' driver.
WARNING - 2023-04-18 04:33:25 --> Session: Sessions is enabled, and one exists.Please don't $session->start();
INFO - 2023-04-18 04:33:25 --> Session: Class initialized using 'CodeIgniter\Session\Handlers\FileHandler' driver.
WARNING - 2023-04-18 04:33:25 --> Session: Sessions is enabled, and one exists.Please don't $session->start();
INFO - 2023-04-18 04:33:25 --> Session: Class initialized using 'CodeIgniter\Session\Handlers\FileHandler' driver.
WARNING - 2023-04-18 04:33:25 --> Session: Sessions is enabled, and one exists.Please don't $session->start();
INFO - 2023-04-18 04:33:25 --> Session: Class initialized using 'CodeIgniter\Session\Handlers\FileHandler' driver.
WARNING - 2023-04-18 04:33:25 --> Session: Sessions is enabled, and one exists.Please don't $session->start();
INFO - 2023-04-18 04:33:25 --> Session: Class initialized using 'CodeIgniter\Session\Handlers\FileHandler' driver.
WARNING - 2023-04-18 04:33:25 --> Session: Sessions is enabled, and one exists.Please don't $session->start();
INFO - 2023-04-18 04:33:25 --> Session: Class initialized using 'CodeIgniter\Session\Handlers\FileHandler' driver.
WARNING - 2023-04-18 04:33:25 --> Session: Sessions is enabled, and one exists.Please don't $session->start();
INFO - 2023-04-18 04:33:25 --> Session: Class initialized using 'CodeIgniter\Session\Handlers\FileHandler' driver.
WARNING - 2023-04-18 04:33:25 --> Session: Sessions is enabled, and one exists.Please don't $session->start();
INFO - 2023-04-18 04:33:25 --> Session: Class initialized using 'CodeIgniter\Session\Handlers\FileHandler' driver.
WARNING - 2023-04-18 04:33:25 --> Session: Sessions is enabled, and one exists.Please don't $session->start();
INFO - 2023-04-18 04:33:25 --> Session: Class initialized using 'CodeIgniter\Session\Handlers\FileHandler' driver.
WARNING - 2023-04-18 04:33:25 --> Session: Sessions is enabled, and one exists.Please don't $session->start();
INFO - 2023-04-18 04:33:26 --> Session: Class initialized using 'CodeIgniter\Session\Handlers\FileHandler' driver.
WARNING - 2023-04-18 04:33:26 --> Session: Sessions is enabled, and one exists.Please don't $session->start();
INFO - 2023-04-18 04:33:26 --> Session: Class initialized using 'CodeIgniter\Session\Handlers\FileHandler' driver.
WARNING - 2023-04-18 04:33:26 --> Session: Sessions is enabled, and one exists.Please don't $session->start();
INFO - 2023-04-18 04:51:43 --> Session: Class initialized using 'CodeIgniter\Session\Handlers\FileHandler' driver.
WARNING - 2023-04-18 04:51:43 --> Session: Sessions is enabled, and one exists.Please don't $session->start();
INFO - 2023-04-18 04:51:43 --> Session: Class initialized using 'CodeIgniter\Session\Handlers\FileHandler' driver.
WARNING - 2023-04-18 04:51:43 --> Session: Sessions is enabled, and one exists.Please don't $session->start();
INFO - 2023-04-18 04:53:29 --> Session: Class initialized using 'CodeIgniter\Session\Handlers\FileHandler' driver.
WARNING - 2023-04-18 04:53:29 --> Session: Sessions is enabled, and one exists.Please don't $session->start();
INFO - 2023-04-18 04:53:30 --> Session: Class initialized using 'CodeIgniter\Session\Handlers\FileHandler' driver.
WARNING - 2023-04-18 04:53:30 --> Session: Sessions is enabled, and one exists.Please don't $session->start();
INFO - 2023-04-18 04:53:30 --> Session: Class initialized using 'CodeIgniter\Session\Handlers\FileHandler' driver.
WARNING - 2023-04-18 04:53:30 --> Session: Sessions is enabled, and one exists.Please don't $session->start();
INFO - 2023-04-18 04:53:31 --> Session: Class initialized using 'CodeIgniter\Session\Handlers\FileHandler' driver.
WARNING - 2023-04-18 04:53:31 --> Session: Sessions is enabled, and one exists.Please don't $session->start();
INFO - 2023-04-18 04:53:31 --> Session: Class initialized using 'CodeIgniter\Session\Handlers\FileHandler' driver.
WARNING - 2023-04-18 04:53:31 --> Session: Sessions is enabled, and one exists.Please don't $session->start();
INFO - 2023-04-18 04:54:04 --> Session: Class initialized using 'CodeIgniter\Session\Handlers\FileHandler' driver.
WARNING - 2023-04-18 04:54:04 --> Session: Sessions is enabled, and one exists.Please don't $session->start();
INFO - 2023-04-18 04:54:04 --> Session: Class initialized using 'CodeIgniter\Session\Handlers\FileHandler' driver.
WARNING - 2023-04-18 04:54:04 --> Session: Sessions is enabled, and one exists.Please don't $session->start();
INFO - 2023-04-18 04:54:05 --> Session: Class initialized using 'CodeIgniter\Session\Handlers\FileHandler' driver.
WARNING - 2023-04-18 04:54:05 --> Session: Sessions is enabled, and one exists.Please don't $session->start();
INFO - 2023-04-18 04:54:06 --> Session: Class initialized using 'CodeIgniter\Session\Handlers\FileHandler' driver.
WARNING - 2023-04-18 04:54:06 --> Session: Sessions is enabled, and one exists.Please don't $session->start();
INFO - 2023-04-18 04:54:06 --> Session: Class initialized using 'CodeIgniter\Session\Handlers\FileHandler' driver.
WARNING - 2023-04-18 04:54:06 --> Session: Sessions is enabled, and one exists.Please don't $session->start();
INFO - 2023-04-18 04:54:10 --> Session: Class initialized using 'CodeIgniter\Session\Handlers\FileHandler' driver.
WARNING - 2023-04-18 04:54:10 --> Session: Sessions is enabled, and one exists.Please don't $session->start();
CRITICAL - 2023-04-18 04:54:10 --> App\Libraries\Encripter::encrypter(): Argument #1 ($value) must be of type string, null given, called in C:\xampp\htdocs\desarrollo\hostal\app\Controllers\UsuariosController.php on line 113
in APPPATH\Libraries\Encripter.php on line 18.
 1 APPPATH\Controllers\UsuariosController.php(113): App\Libraries\Encripter::encrypter(null)
 2 SYSTEMPATH\CodeIgniter.php(934): App\Controllers\UsuariosController->actualizandoUsuario()
 3 SYSTEMPATH\CodeIgniter.php(499): CodeIgniter\CodeIgniter->runController(Object(App\Controllers\UsuariosController))
 4 SYSTEMPATH\CodeIgniter.php(368): CodeIgniter\CodeIgniter->handleRequest(null, Object(Config\Cache), false)
 5 FCPATH\index.php(67): CodeIgniter\CodeIgniter->run()
INFO - 2023-04-18 04:54:49 --> Session: Class initialized using 'CodeIgniter\Session\Handlers\FileHandler' driver.
WARNING - 2023-04-18 04:54:49 --> Session: Sessions is enabled, and one exists.Please don't $session->start();
INFO - 2023-04-18 04:54:49 --> Session: Class initialized using 'CodeIgniter\Session\Handlers\FileHandler' driver.
WARNING - 2023-04-18 04:54:49 --> Session: Sessions is enabled, and one exists.Please don't $session->start();
INFO - 2023-04-18 04:54:49 --> Session: Class initialized using 'CodeIgniter\Session\Handlers\FileHandler' driver.
WARNING - 2023-04-18 04:54:49 --> Session: Sessions is enabled, and one exists.Please don't $session->start();
INFO - 2023-04-18 04:54:51 --> Session: Class initialized using 'CodeIgniter\Session\Handlers\FileHandler' driver.
WARNING - 2023-04-18 04:54:51 --> Session: Sessions is enabled, and one exists.Please don't $session->start();
INFO - 2023-04-18 04:54:51 --> Session: Class initialized using 'CodeIgniter\Session\Handlers\FileHandler' driver.
WARNING - 2023-04-18 04:54:51 --> Session: Sessions is enabled, and one exists.Please don't $session->start();
INFO - 2023-04-18 04:55:57 --> Session: Class initialized using 'CodeIgniter\Session\Handlers\FileHandler' driver.
WARNING - 2023-04-18 04:55:57 --> Session: Sessions is enabled, and one exists.Please don't $session->start();
INFO - 2023-04-18 04:56:02 --> Session: Class initialized using 'CodeIgniter\Session\Handlers\FileHandler' driver.
WARNING - 2023-04-18 04:56:02 --> Session: Sessions is enabled, and one exists.Please don't $session->start();
INFO - 2023-04-18 04:56:02 --> Session: Class initialized using 'CodeIgniter\Session\Handlers\FileHandler' driver.
WARNING - 2023-04-18 04:56:02 --> Session: Sessions is enabled, and one exists.Please don't $session->start();
INFO - 2023-04-18 04:56:02 --> Session: Class initialized using 'CodeIgniter\Session\Handlers\FileHandler' driver.
WARNING - 2023-04-18 04:56:02 --> Session: Sessions is enabled, and one exists.Please don't $session->start();
INFO - 2023-04-18 04:56:03 --> Session: Class initialized using 'CodeIgniter\Session\Handlers\FileHandler' driver.
WARNING - 2023-04-18 04:56:03 --> Session: Sessions is enabled, and one exists.Please don't $session->start();
INFO - 2023-04-18 04:56:03 --> Session: Class initialized using 'CodeIgniter\Session\Handlers\FileHandler' driver.
WARNING - 2023-04-18 04:56:03 --> Session: Sessions is enabled, and one exists.Please don't $session->start();
INFO - 2023-04-18 04:56:53 --> Session: Class initialized using 'CodeIgniter\Session\Handlers\FileHandler' driver.
WARNING - 2023-04-18 04:56:53 --> Session: Sessions is enabled, and one exists.Please don't $session->start();
INFO - 2023-04-18 04:56:54 --> Session: Class initialized using 'CodeIgniter\Session\Handlers\FileHandler' driver.
WARNING - 2023-04-18 04:56:54 --> Session: Sessions is enabled, and one exists.Please don't $session->start();
INFO - 2023-04-18 04:56:54 --> Session: Class initialized using 'CodeIgniter\Session\Handlers\FileHandler' driver.
WARNING - 2023-04-18 04:56:54 --> Session: Sessions is enabled, and one exists.Please don't $session->start();
INFO - 2023-04-18 04:56:55 --> Session: Class initialized using 'CodeIgniter\Session\Handlers\FileHandler' driver.
WARNING - 2023-04-18 04:56:55 --> Session: Sessions is enabled, and one exists.Please don't $session->start();
INFO - 2023-04-18 04:56:55 --> Session: Class initialized using 'CodeIgniter\Session\Handlers\FileHandler' driver.
WARNING - 2023-04-18 04:56:55 --> Session: Sessions is enabled, and one exists.Please don't $session->start();
INFO - 2023-04-18 04:56:59 --> Session: Class initialized using 'CodeIgniter\Session\Handlers\FileHandler' driver.
WARNING - 2023-04-18 04:56:59 --> Session: Sessions is enabled, and one exists.Please don't $session->start();
INFO - 2023-04-18 05:15:29 --> Session: Class initialized using 'CodeIgniter\Session\Handlers\FileHandler' driver.
WARNING - 2023-04-18 05:15:29 --> Session: Sessions is enabled, and one exists.Please don't $session->start();
INFO - 2023-04-18 05:15:30 --> Session: Class initialized using 'CodeIgniter\Session\Handlers\FileHandler' driver.
WARNING - 2023-04-18 05:15:30 --> Session: Sessions is enabled, and one exists.Please don't $session->start();
INFO - 2023-04-18 05:15:30 --> Session: Class initialized using 'CodeIgniter\Session\Handlers\FileHandler' driver.
WARNING - 2023-04-18 05:15:30 --> Session: Sessions is enabled, and one exists.Please don't $session->start();
INFO - 2023-04-18 05:15:31 --> Session: Class initialized using 'CodeIgniter\Session\Handlers\FileHandler' driver.
WARNING - 2023-04-18 05:15:31 --> Session: Sessions is enabled, and one exists.Please don't $session->start();
INFO - 2023-04-18 05:15:31 --> Session: Class initialized using 'CodeIgniter\Session\Handlers\FileHandler' driver.
WARNING - 2023-04-18 05:15:31 --> Session: Sessions is enabled, and one exists.Please don't $session->start();
INFO - 2023-04-18 05:16:29 --> Session: Class initialized using 'CodeIgniter\Session\Handlers\FileHandler' driver.
WARNING - 2023-04-18 05:16:29 --> Session: Sessions is enabled, and one exists.Please don't $session->start();
INFO - 2023-04-18 05:16:29 --> Session: Class initialized using 'CodeIgniter\Session\Handlers\FileHandler' driver.
WARNING - 2023-04-18 05:16:29 --> Session: Sessions is enabled, and one exists.Please don't $session->start();
INFO - 2023-04-18 05:16:29 --> Session: Class initialized using 'CodeIgniter\Session\Handlers\FileHandler' driver.
WARNING - 2023-04-18 05:16:29 --> Session: Sessions is enabled, and one exists.Please don't $session->start();
INFO - 2023-04-18 05:16:31 --> Session: Class initialized using 'CodeIgniter\Session\Handlers\FileHandler' driver.
WARNING - 2023-04-18 05:16:31 --> Session: Sessions is enabled, and one exists.Please don't $session->start();
INFO - 2023-04-18 05:16:31 --> Session: Class initialized using 'CodeIgniter\Session\Handlers\FileHandler' driver.
WARNING - 2023-04-18 05:16:31 --> Session: Sessions is enabled, and one exists.Please don't $session->start();
INFO - 2023-04-18 05:16:45 --> Session: Class initialized using 'CodeIgniter\Session\Handlers\FileHandler' driver.
WARNING - 2023-04-18 05:16:45 --> Session: Sessions is enabled, and one exists.Please don't $session->start();
INFO - 2023-04-18 05:16:54 --> Session: Class initialized using 'CodeIgniter\Session\Handlers\FileHandler' driver.
WARNING - 2023-04-18 05:16:54 --> Session: Sessions is enabled, and one exists.Please don't $session->start();
CRITICAL - 2023-04-18 05:16:54 --> Undefined array key "id_role"
in APPPATH\Controllers\ReservasController.php on line 114.
 1 APPPATH\Controllers\ReservasController.php(114): CodeIgniter\Debug\Exceptions->errorHandler(2, 'Undefined array key "id_role"', 'C:\\xampp\\htdocs\\desarrollo\\hostal\\app\\Controllers\\ReservasController.php', 114)
 2 SYSTEMPATH\CodeIgniter.php(934): App\Controllers\ReservasController->procesarReservas()
 3 SYSTEMPATH\CodeIgniter.php(499): CodeIgniter\CodeIgniter->runController(Object(App\Controllers\ReservasController))
 4 SYSTEMPATH\CodeIgniter.php(368): CodeIgniter\CodeIgniter->handleRequest(null, Object(Config\Cache), false)
 5 FCPATH\index.php(67): CodeIgniter\CodeIgniter->run()
INFO - 2023-04-18 05:38:17 --> Session: Class initialized using 'CodeIgniter\Session\Handlers\FileHandler' driver.
WARNING - 2023-04-18 05:38:17 --> Session: Sessions is enabled, and one exists.Please don't $session->start();
INFO - 2023-04-18 05:38:24 --> Session: Class initialized using 'CodeIgniter\Session\Handlers\FileHandler' driver.
WARNING - 2023-04-18 05:38:24 --> Session: Sessions is enabled, and one exists.Please don't $session->start();
INFO - 2023-04-18 05:38:25 --> Session: Class initialized using 'CodeIgniter\Session\Handlers\FileHandler' driver.
WARNING - 2023-04-18 05:38:25 --> Session: Sessions is enabled, and one exists.Please don't $session->start();
INFO - 2023-04-18 05:38:26 --> Session: Class initialized using 'CodeIgniter\Session\Handlers\FileHandler' driver.
WARNING - 2023-04-18 05:38:26 --> Session: Sessions is enabled, and one exists.Please don't $session->start();
INFO - 2023-04-18 05:38:26 --> Session: Class initialized using 'CodeIgniter\Session\Handlers\FileHandler' driver.
WARNING - 2023-04-18 05:38:26 --> Session: Sessions is enabled, and one exists.Please don't $session->start();
INFO - 2023-04-18 05:38:26 --> Session: Class initialized using 'CodeIgniter\Session\Handlers\FileHandler' driver.
WARNING - 2023-04-18 05:38:26 --> Session: Sessions is enabled, and one exists.Please don't $session->start();
INFO - 2023-04-18 05:38:28 --> Session: Class initialized using 'CodeIgniter\Session\Handlers\FileHandler' driver.
WARNING - 2023-04-18 05:38:28 --> Session: Sessions is enabled, and one exists.Please don't $session->start();
INFO - 2023-04-18 05:38:28 --> Session: Class initialized using 'CodeIgniter\Session\Handlers\FileHandler' driver.
WARNING - 2023-04-18 05:38:28 --> Session: Sessions is enabled, and one exists.Please don't $session->start();
INFO - 2023-04-18 05:38:54 --> Session: Class initialized using 'CodeIgniter\Session\Handlers\FileHandler' driver.
WARNING - 2023-04-18 05:38:54 --> Session: Sessions is enabled, and one exists.Please don't $session->start();
INFO - 2023-04-18 05:38:54 --> Session: Class initialized using 'CodeIgniter\Session\Handlers\FileHandler' driver.
WARNING - 2023-04-18 05:38:54 --> Session: Sessions is enabled, and one exists.Please don't $session->start();
INFO - 2023-04-18 05:38:58 --> Session: Class initialized using 'CodeIgniter\Session\Handlers\FileHandler' driver.
WARNING - 2023-04-18 05:38:58 --> Session: Sessions is enabled, and one exists.Please don't $session->start();
INFO - 2023-04-18 05:38:58 --> Session: Class initialized using 'CodeIgniter\Session\Handlers\FileHandler' driver.
WARNING - 2023-04-18 05:38:58 --> Session: Sessions is enabled, and one exists.Please don't $session->start();
INFO - 2023-04-18 05:38:59 --> Session: Class initialized using 'CodeIgniter\Session\Handlers\FileHandler' driver.
WARNING - 2023-04-18 05:38:59 --> Session: Sessions is enabled, and one exists.Please don't $session->start();
INFO - 2023-04-18 05:38:59 --> Session: Class initialized using 'CodeIgniter\Session\Handlers\FileHandler' driver.
WARNING - 2023-04-18 05:38:59 --> Session: Sessions is enabled, and one exists.Please don't $session->start();
INFO - 2023-04-18 05:39:01 --> Session: Class initialized using 'CodeIgniter\Session\Handlers\FileHandler' driver.
WARNING - 2023-04-18 05:39:01 --> Session: Sessions is enabled, and one exists.Please don't $session->start();
INFO - 2023-04-18 05:39:09 --> Session: Class initialized using 'CodeIgniter\Session\Handlers\FileHandler' driver.
WARNING - 2023-04-18 05:39:09 --> Session: Sessions is enabled, and one exists.Please don't $session->start();
INFO - 2023-04-18 05:39:12 --> Session: Class initialized using 'CodeIgniter\Session\Handlers\FileHandler' driver.
WARNING - 2023-04-18 05:39:12 --> Session: Sessions is enabled, and one exists.Please don't $session->start();
INFO - 2023-04-18 05:39:25 --> Session: Class initialized using 'CodeIgniter\Session\Handlers\FileHandler' driver.
WARNING - 2023-04-18 05:39:25 --> Session: Sessions is enabled, and one exists.Please don't $session->start();
INFO - 2023-04-18 05:39:25 --> Session: Class initialized using 'CodeIgniter\Session\Handlers\FileHandler' driver.
WARNING - 2023-04-18 05:39:25 --> Session: Sessions is enabled, and one exists.Please don't $session->start();
INFO - 2023-04-18 05:39:25 --> Session: Class initialized using 'CodeIgniter\Session\Handlers\FileHandler' driver.
WARNING - 2023-04-18 05:39:25 --> Session: Sessions is enabled, and one exists.Please don't $session->start();
INFO - 2023-04-18 05:39:56 --> Session: Class initialized using 'CodeIgniter\Session\Handlers\FileHandler' driver.
WARNING - 2023-04-18 05:39:56 --> Session: Sessions is enabled, and one exists.Please don't $session->start();
INFO - 2023-04-18 05:39:56 --> Session: Class initialized using 'CodeIgniter\Session\Handlers\FileHandler' driver.
WARNING - 2023-04-18 05:39:56 --> Session: Sessions is enabled, and one exists.Please don't $session->start();
INFO - 2023-04-18 05:39:56 --> Session: Class initialized using 'CodeIgniter\Session\Handlers\FileHandler' driver.
WARNING - 2023-04-18 05:39:56 --> Session: Sessions is enabled, and one exists.Please don't $session->start();
INFO - 2023-04-18 05:39:56 --> Session: Class initialized using 'CodeIgniter\Session\Handlers\FileHandler' driver.
WARNING - 2023-04-18 05:39:56 --> Session: Sessions is enabled, and one exists.Please don't $session->start();
INFO - 2023-04-18 05:39:58 --> Session: Class initialized using 'CodeIgniter\Session\Handlers\FileHandler' driver.
WARNING - 2023-04-18 05:39:58 --> Session: Sessions is enabled, and one exists.Please don't $session->start();
INFO - 2023-04-18 05:39:58 --> Session: Class initialized using 'CodeIgniter\Session\Handlers\FileHandler' driver.
WARNING - 2023-04-18 05:39:58 --> Session: Sessions is enabled, and one exists.Please don't $session->start();
INFO - 2023-04-18 05:39:58 --> Session: Class initialized using 'CodeIgniter\Session\Handlers\FileHandler' driver.
WARNING - 2023-04-18 05:39:58 --> Session: Sessions is enabled, and one exists.Please don't $session->start();
INFO - 2023-04-18 05:39:58 --> Session: Class initialized using 'CodeIgniter\Session\Handlers\FileHandler' driver.
WARNING - 2023-04-18 05:39:58 --> Session: Sessions is enabled, and one exists.Please don't $session->start();
INFO - 2023-04-18 05:40:47 --> Session: Class initialized using 'CodeIgniter\Session\Handlers\FileHandler' driver.
WARNING - 2023-04-18 05:40:47 --> Session: Sessions is enabled, and one exists.Please don't $session->start();
INFO - 2023-04-18 05:40:54 --> Session: Class initialized using 'CodeIgniter\Session\Handlers\FileHandler' driver.
WARNING - 2023-04-18 05:40:54 --> Session: Sessions is enabled, and one exists.Please don't $session->start();
INFO - 2023-04-18 05:42:18 --> Session: Class initialized using 'CodeIgniter\Session\Handlers\FileHandler' driver.
WARNING - 2023-04-18 05:42:18 --> Session: Sessions is enabled, and one exists.Please don't $session->start();
INFO - 2023-04-18 05:42:23 --> Session: Class initialized using 'CodeIgniter\Session\Handlers\FileHandler' driver.
WARNING - 2023-04-18 05:42:23 --> Session: Sessions is enabled, and one exists.Please don't $session->start();
