INFO - 2023-04-22 01:59:40 --> Session: Class initialized using 'CodeIgniter\Session\Handlers\FileHandler' driver.
WARNING - 2023-04-22 01:59:40 --> Session: Sessions is enabled, and one exists.Please don't $session->start();
INFO - 2023-04-22 02:00:50 --> Session: Class initialized using 'CodeIgniter\Session\Handlers\FileHandler' driver.
WARNING - 2023-04-22 02:00:50 --> Session: Sessions is enabled, and one exists.Please don't $session->start();
INFO - 2023-04-22 02:01:02 --> Session: Class initialized using 'CodeIgniter\Session\Handlers\FileHandler' driver.
WARNING - 2023-04-22 02:01:02 --> Session: Sessions is enabled, and one exists.Please don't $session->start();
INFO - 2023-04-22 02:01:46 --> Session: Class initialized using 'CodeIgniter\Session\Handlers\FileHandler' driver.
INFO - 2023-04-22 02:01:46 --> Session: Class initialized using 'CodeIgniter\Session\Handlers\FileHandler' driver.
WARNING - 2023-04-22 02:01:46 --> Session: Sessions is enabled, and one exists.Please don't $session->start();
INFO - 2023-04-22 02:01:46 --> Session: Class initialized using 'CodeIgniter\Session\Handlers\FileHandler' driver.
WARNING - 2023-04-22 02:01:46 --> Session: Sessions is enabled, and one exists.Please don't $session->start();
INFO - 2023-04-22 02:01:46 --> Session: Class initialized using 'CodeIgniter\Session\Handlers\FileHandler' driver.
WARNING - 2023-04-22 02:01:46 --> Session: Sessions is enabled, and one exists.Please don't $session->start();
INFO - 2023-04-22 02:01:48 --> Session: Class initialized using 'CodeIgniter\Session\Handlers\FileHandler' driver.
WARNING - 2023-04-22 02:01:48 --> Session: Sessions is enabled, and one exists.Please don't $session->start();
INFO - 2023-04-22 02:01:48 --> Session: Class initialized using 'CodeIgniter\Session\Handlers\FileHandler' driver.
WARNING - 2023-04-22 02:01:48 --> Session: Sessions is enabled, and one exists.Please don't $session->start();
INFO - 2023-04-22 02:02:07 --> Session: Class initialized using 'CodeIgniter\Session\Handlers\FileHandler' driver.
WARNING - 2023-04-22 02:02:07 --> Session: Sessions is enabled, and one exists.Please don't $session->start();
INFO - 2023-04-22 02:02:17 --> Session: Class initialized using 'CodeIgniter\Session\Handlers\FileHandler' driver.
WARNING - 2023-04-22 02:02:17 --> Session: Sessions is enabled, and one exists.Please don't $session->start();
INFO - 2023-04-22 02:02:19 --> Session: Class initialized using 'CodeIgniter\Session\Handlers\FileHandler' driver.
WARNING - 2023-04-22 02:02:19 --> Session: Sessions is enabled, and one exists.Please don't $session->start();
INFO - 2023-04-22 02:02:21 --> Session: Class initialized using 'CodeIgniter\Session\Handlers\FileHandler' driver.
WARNING - 2023-04-22 02:02:21 --> Session: Sessions is enabled, and one exists.Please don't $session->start();
INFO - 2023-04-22 02:02:22 --> Session: Class initialized using 'CodeIgniter\Session\Handlers\FileHandler' driver.
WARNING - 2023-04-22 02:02:22 --> Session: Sessions is enabled, and one exists.Please don't $session->start();
INFO - 2023-04-22 02:02:22 --> Session: Class initialized using 'CodeIgniter\Session\Handlers\FileHandler' driver.
WARNING - 2023-04-22 02:02:22 --> Session: Sessions is enabled, and one exists.Please don't $session->start();
INFO - 2023-04-22 02:02:23 --> Session: Class initialized using 'CodeIgniter\Session\Handlers\FileHandler' driver.
WARNING - 2023-04-22 02:02:23 --> Session: Sessions is enabled, and one exists.Please don't $session->start();
INFO - 2023-04-22 02:02:23 --> Session: Class initialized using 'CodeIgniter\Session\Handlers\FileHandler' driver.
WARNING - 2023-04-22 02:02:23 --> Session: Sessions is enabled, and one exists.Please don't $session->start();
INFO - 2023-04-22 02:02:35 --> Session: Class initialized using 'CodeIgniter\Session\Handlers\FileHandler' driver.
WARNING - 2023-04-22 02:02:35 --> Session: Sessions is enabled, and one exists.Please don't $session->start();
INFO - 2023-04-22 02:02:35 --> Session: Class initialized using 'CodeIgniter\Session\Handlers\FileHandler' driver.
WARNING - 2023-04-22 02:02:35 --> Session: Sessions is enabled, and one exists.Please don't $session->start();
INFO - 2023-04-22 02:04:28 --> Session: Class initialized using 'CodeIgniter\Session\Handlers\FileHandler' driver.
INFO - 2023-04-22 02:04:28 --> Session: Class initialized using 'CodeIgniter\Session\Handlers\FileHandler' driver.
WARNING - 2023-04-22 02:04:28 --> Session: Sessions is enabled, and one exists.Please don't $session->start();
INFO - 2023-04-22 02:04:28 --> Session: Class initialized using 'CodeIgniter\Session\Handlers\FileHandler' driver.
WARNING - 2023-04-22 02:04:28 --> Session: Sessions is enabled, and one exists.Please don't $session->start();
INFO - 2023-04-22 02:04:28 --> Session: Class initialized using 'CodeIgniter\Session\Handlers\FileHandler' driver.
WARNING - 2023-04-22 02:04:28 --> Session: Sessions is enabled, and one exists.Please don't $session->start();
INFO - 2023-04-22 02:04:30 --> Session: Class initialized using 'CodeIgniter\Session\Handlers\FileHandler' driver.
WARNING - 2023-04-22 02:04:30 --> Session: Sessions is enabled, and one exists.Please don't $session->start();
INFO - 2023-04-22 02:04:30 --> Session: Class initialized using 'CodeIgniter\Session\Handlers\FileHandler' driver.
WARNING - 2023-04-22 02:04:30 --> Session: Sessions is enabled, and one exists.Please don't $session->start();
INFO - 2023-04-22 02:04:54 --> Session: Class initialized using 'CodeIgniter\Session\Handlers\FileHandler' driver.
WARNING - 2023-04-22 02:04:54 --> Session: Sessions is enabled, and one exists.Please don't $session->start();
INFO - 2023-04-22 02:04:55 --> Session: Class initialized using 'CodeIgniter\Session\Handlers\FileHandler' driver.
WARNING - 2023-04-22 02:04:55 --> Session: Sessions is enabled, and one exists.Please don't $session->start();
INFO - 2023-04-22 02:05:10 --> Session: Class initialized using 'CodeIgniter\Session\Handlers\FileHandler' driver.
INFO - 2023-04-22 02:05:11 --> Session: Class initialized using 'CodeIgniter\Session\Handlers\FileHandler' driver.
WARNING - 2023-04-22 02:05:11 --> Session: Sessions is enabled, and one exists.Please don't $session->start();
INFO - 2023-04-22 02:05:11 --> Session: Class initialized using 'CodeIgniter\Session\Handlers\FileHandler' driver.
WARNING - 2023-04-22 02:05:11 --> Session: Sessions is enabled, and one exists.Please don't $session->start();
INFO - 2023-04-22 02:05:11 --> Session: Class initialized using 'CodeIgniter\Session\Handlers\FileHandler' driver.
WARNING - 2023-04-22 02:05:11 --> Session: Sessions is enabled, and one exists.Please don't $session->start();
INFO - 2023-04-22 02:05:12 --> Session: Class initialized using 'CodeIgniter\Session\Handlers\FileHandler' driver.
WARNING - 2023-04-22 02:05:12 --> Session: Sessions is enabled, and one exists.Please don't $session->start();
INFO - 2023-04-22 02:05:12 --> Session: Class initialized using 'CodeIgniter\Session\Handlers\FileHandler' driver.
WARNING - 2023-04-22 02:05:12 --> Session: Sessions is enabled, and one exists.Please don't $session->start();
INFO - 2023-04-22 02:05:24 --> Session: Class initialized using 'CodeIgniter\Session\Handlers\FileHandler' driver.
WARNING - 2023-04-22 02:05:24 --> Session: Sessions is enabled, and one exists.Please don't $session->start();
INFO - 2023-04-22 02:05:24 --> Session: Class initialized using 'CodeIgniter\Session\Handlers\FileHandler' driver.
WARNING - 2023-04-22 02:05:24 --> Session: Sessions is enabled, and one exists.Please don't $session->start();
INFO - 2023-04-22 02:12:32 --> Session: Class initialized using 'CodeIgniter\Session\Handlers\FileHandler' driver.
INFO - 2023-04-22 02:12:33 --> Session: Class initialized using 'CodeIgniter\Session\Handlers\FileHandler' driver.
WARNING - 2023-04-22 02:12:33 --> Session: Sessions is enabled, and one exists.Please don't $session->start();
INFO - 2023-04-22 02:12:33 --> Session: Class initialized using 'CodeIgniter\Session\Handlers\FileHandler' driver.
WARNING - 2023-04-22 02:12:33 --> Session: Sessions is enabled, and one exists.Please don't $session->start();
INFO - 2023-04-22 02:12:33 --> Session: Class initialized using 'CodeIgniter\Session\Handlers\FileHandler' driver.
WARNING - 2023-04-22 02:12:33 --> Session: Sessions is enabled, and one exists.Please don't $session->start();
INFO - 2023-04-22 02:12:36 --> Session: Class initialized using 'CodeIgniter\Session\Handlers\FileHandler' driver.
WARNING - 2023-04-22 02:12:36 --> Session: Sessions is enabled, and one exists.Please don't $session->start();
INFO - 2023-04-22 02:12:36 --> Session: Class initialized using 'CodeIgniter\Session\Handlers\FileHandler' driver.
WARNING - 2023-04-22 02:12:36 --> Session: Sessions is enabled, and one exists.Please don't $session->start();
INFO - 2023-04-22 02:12:40 --> Session: Class initialized using 'CodeIgniter\Session\Handlers\FileHandler' driver.
WARNING - 2023-04-22 02:12:40 --> Session: Sessions is enabled, and one exists.Please don't $session->start();
INFO - 2023-04-22 02:12:40 --> Session: Class initialized using 'CodeIgniter\Session\Handlers\FileHandler' driver.
WARNING - 2023-04-22 02:12:40 --> Session: Sessions is enabled, and one exists.Please don't $session->start();
INFO - 2023-04-22 02:12:57 --> Session: Class initialized using 'CodeIgniter\Session\Handlers\FileHandler' driver.
WARNING - 2023-04-22 02:12:57 --> Session: Sessions is enabled, and one exists.Please don't $session->start();
INFO - 2023-04-22 02:12:57 --> Session: Class initialized using 'CodeIgniter\Session\Handlers\FileHandler' driver.
WARNING - 2023-04-22 02:12:57 --> Session: Sessions is enabled, and one exists.Please don't $session->start();
INFO - 2023-04-22 02:12:57 --> Session: Class initialized using 'CodeIgniter\Session\Handlers\FileHandler' driver.
WARNING - 2023-04-22 02:12:57 --> Session: Sessions is enabled, and one exists.Please don't $session->start();
INFO - 2023-04-22 02:12:58 --> Session: Class initialized using 'CodeIgniter\Session\Handlers\FileHandler' driver.
WARNING - 2023-04-22 02:12:58 --> Session: Sessions is enabled, and one exists.Please don't $session->start();
INFO - 2023-04-22 02:12:58 --> Session: Class initialized using 'CodeIgniter\Session\Handlers\FileHandler' driver.
WARNING - 2023-04-22 02:12:58 --> Session: Sessions is enabled, and one exists.Please don't $session->start();
INFO - 2023-04-22 02:12:58 --> Session: Class initialized using 'CodeIgniter\Session\Handlers\FileHandler' driver.
WARNING - 2023-04-22 02:12:58 --> Session: Sessions is enabled, and one exists.Please don't $session->start();
INFO - 2023-04-22 02:12:58 --> Session: Class initialized using 'CodeIgniter\Session\Handlers\FileHandler' driver.
WARNING - 2023-04-22 02:12:58 --> Session: Sessions is enabled, and one exists.Please don't $session->start();
INFO - 2023-04-22 02:12:58 --> Session: Class initialized using 'CodeIgniter\Session\Handlers\FileHandler' driver.
WARNING - 2023-04-22 02:12:58 --> Session: Sessions is enabled, and one exists.Please don't $session->start();
INFO - 2023-04-22 02:12:58 --> Session: Class initialized using 'CodeIgniter\Session\Handlers\FileHandler' driver.
WARNING - 2023-04-22 02:12:58 --> Session: Sessions is enabled, and one exists.Please don't $session->start();
INFO - 2023-04-22 02:12:58 --> Session: Class initialized using 'CodeIgniter\Session\Handlers\FileHandler' driver.
WARNING - 2023-04-22 02:12:58 --> Session: Sessions is enabled, and one exists.Please don't $session->start();
INFO - 2023-04-22 02:12:58 --> Session: Class initialized using 'CodeIgniter\Session\Handlers\FileHandler' driver.
WARNING - 2023-04-22 02:12:58 --> Session: Sessions is enabled, and one exists.Please don't $session->start();
INFO - 2023-04-22 02:12:59 --> Session: Class initialized using 'CodeIgniter\Session\Handlers\FileHandler' driver.
WARNING - 2023-04-22 02:12:59 --> Session: Sessions is enabled, and one exists.Please don't $session->start();
INFO - 2023-04-22 02:12:59 --> Session: Class initialized using 'CodeIgniter\Session\Handlers\FileHandler' driver.
WARNING - 2023-04-22 02:12:59 --> Session: Sessions is enabled, and one exists.Please don't $session->start();
INFO - 2023-04-22 02:13:53 --> Session: Class initialized using 'CodeIgniter\Session\Handlers\FileHandler' driver.
WARNING - 2023-04-22 02:13:53 --> Session: Sessions is enabled, and one exists.Please don't $session->start();
INFO - 2023-04-22 02:13:54 --> Session: Class initialized using 'CodeIgniter\Session\Handlers\FileHandler' driver.
WARNING - 2023-04-22 02:13:54 --> Session: Sessions is enabled, and one exists.Please don't $session->start();
INFO - 2023-04-22 02:13:54 --> Session: Class initialized using 'CodeIgniter\Session\Handlers\FileHandler' driver.
WARNING - 2023-04-22 02:13:54 --> Session: Sessions is enabled, and one exists.Please don't $session->start();
INFO - 2023-04-22 02:13:55 --> Session: Class initialized using 'CodeIgniter\Session\Handlers\FileHandler' driver.
WARNING - 2023-04-22 02:13:55 --> Session: Sessions is enabled, and one exists.Please don't $session->start();
INFO - 2023-04-22 02:13:55 --> Session: Class initialized using 'CodeIgniter\Session\Handlers\FileHandler' driver.
WARNING - 2023-04-22 02:13:55 --> Session: Sessions is enabled, and one exists.Please don't $session->start();
INFO - 2023-04-22 02:13:58 --> Session: Class initialized using 'CodeIgniter\Session\Handlers\FileHandler' driver.
WARNING - 2023-04-22 02:13:58 --> Session: Sessions is enabled, and one exists.Please don't $session->start();
INFO - 2023-04-22 02:14:38 --> Session: Class initialized using 'CodeIgniter\Session\Handlers\FileHandler' driver.
WARNING - 2023-04-22 02:14:38 --> Session: Sessions is enabled, and one exists.Please don't $session->start();
INFO - 2023-04-22 02:14:39 --> Session: Class initialized using 'CodeIgniter\Session\Handlers\FileHandler' driver.
WARNING - 2023-04-22 02:14:39 --> Session: Sessions is enabled, and one exists.Please don't $session->start();
INFO - 2023-04-22 02:14:39 --> Session: Class initialized using 'CodeIgniter\Session\Handlers\FileHandler' driver.
WARNING - 2023-04-22 02:14:39 --> Session: Sessions is enabled, and one exists.Please don't $session->start();
INFO - 2023-04-22 02:14:40 --> Session: Class initialized using 'CodeIgniter\Session\Handlers\FileHandler' driver.
WARNING - 2023-04-22 02:14:40 --> Session: Sessions is enabled, and one exists.Please don't $session->start();
INFO - 2023-04-22 02:14:40 --> Session: Class initialized using 'CodeIgniter\Session\Handlers\FileHandler' driver.
WARNING - 2023-04-22 02:14:40 --> Session: Sessions is enabled, and one exists.Please don't $session->start();
INFO - 2023-04-22 02:15:08 --> Session: Class initialized using 'CodeIgniter\Session\Handlers\FileHandler' driver.
WARNING - 2023-04-22 02:15:08 --> Session: Sessions is enabled, and one exists.Please don't $session->start();
INFO - 2023-04-22 02:15:09 --> Session: Class initialized using 'CodeIgniter\Session\Handlers\FileHandler' driver.
WARNING - 2023-04-22 02:15:09 --> Session: Sessions is enabled, and one exists.Please don't $session->start();
INFO - 2023-04-22 02:17:38 --> Session: Class initialized using 'CodeIgniter\Session\Handlers\FileHandler' driver.
INFO - 2023-04-22 02:17:38 --> Session: Class initialized using 'CodeIgniter\Session\Handlers\FileHandler' driver.
WARNING - 2023-04-22 02:17:38 --> Session: Sessions is enabled, and one exists.Please don't $session->start();
INFO - 2023-04-22 02:17:38 --> Session: Class initialized using 'CodeIgniter\Session\Handlers\FileHandler' driver.
WARNING - 2023-04-22 02:17:38 --> Session: Sessions is enabled, and one exists.Please don't $session->start();
INFO - 2023-04-22 02:17:38 --> Session: Class initialized using 'CodeIgniter\Session\Handlers\FileHandler' driver.
WARNING - 2023-04-22 02:17:38 --> Session: Sessions is enabled, and one exists.Please don't $session->start();
INFO - 2023-04-22 02:17:40 --> Session: Class initialized using 'CodeIgniter\Session\Handlers\FileHandler' driver.
WARNING - 2023-04-22 02:17:40 --> Session: Sessions is enabled, and one exists.Please don't $session->start();
INFO - 2023-04-22 02:17:40 --> Session: Class initialized using 'CodeIgniter\Session\Handlers\FileHandler' driver.
WARNING - 2023-04-22 02:17:40 --> Session: Sessions is enabled, and one exists.Please don't $session->start();
INFO - 2023-04-22 02:19:05 --> Session: Class initialized using 'CodeIgniter\Session\Handlers\FileHandler' driver.
WARNING - 2023-04-22 02:19:05 --> Session: Sessions is enabled, and one exists.Please don't $session->start();
INFO - 2023-04-22 02:19:05 --> Session: Class initialized using 'CodeIgniter\Session\Handlers\FileHandler' driver.
WARNING - 2023-04-22 02:19:05 --> Session: Sessions is enabled, and one exists.Please don't $session->start();
INFO - 2023-04-22 03:37:56 --> Session: Class initialized using 'CodeIgniter\Session\Handlers\FileHandler' driver.
WARNING - 2023-04-22 03:37:56 --> Session: Sessions is enabled, and one exists.Please don't $session->start();
INFO - 2023-04-22 03:38:32 --> Session: Class initialized using 'CodeIgniter\Session\Handlers\FileHandler' driver.
WARNING - 2023-04-22 03:38:32 --> Session: Sessions is enabled, and one exists.Please don't $session->start();
INFO - 2023-04-22 03:39:05 --> Session: Class initialized using 'CodeIgniter\Session\Handlers\FileHandler' driver.
WARNING - 2023-04-22 03:39:05 --> Session: Sessions is enabled, and one exists.Please don't $session->start();
INFO - 2023-04-22 03:40:27 --> Session: Class initialized using 'CodeIgniter\Session\Handlers\FileHandler' driver.
WARNING - 2023-04-22 03:40:27 --> Session: Sessions is enabled, and one exists.Please don't $session->start();
INFO - 2023-04-22 03:40:49 --> Session: Class initialized using 'CodeIgniter\Session\Handlers\FileHandler' driver.
WARNING - 2023-04-22 03:40:49 --> Session: Sessions is enabled, and one exists.Please don't $session->start();
INFO - 2023-04-22 03:42:31 --> Session: Class initialized using 'CodeIgniter\Session\Handlers\FileHandler' driver.
WARNING - 2023-04-22 03:42:31 --> Session: Sessions is enabled, and one exists.Please don't $session->start();
INFO - 2023-04-22 03:43:31 --> Session: Class initialized using 'CodeIgniter\Session\Handlers\FileHandler' driver.
WARNING - 2023-04-22 03:43:31 --> Session: Sessions is enabled, and one exists.Please don't $session->start();
INFO - 2023-04-22 03:44:15 --> Session: Class initialized using 'CodeIgniter\Session\Handlers\FileHandler' driver.
WARNING - 2023-04-22 03:44:15 --> Session: Sessions is enabled, and one exists.Please don't $session->start();
INFO - 2023-04-22 03:45:10 --> Session: Class initialized using 'CodeIgniter\Session\Handlers\FileHandler' driver.
WARNING - 2023-04-22 03:45:10 --> Session: Sessions is enabled, and one exists.Please don't $session->start();
INFO - 2023-04-22 03:45:49 --> Session: Class initialized using 'CodeIgniter\Session\Handlers\FileHandler' driver.
INFO - 2023-04-22 03:45:49 --> Session: Class initialized using 'CodeIgniter\Session\Handlers\FileHandler' driver.
WARNING - 2023-04-22 03:45:49 --> Session: Sessions is enabled, and one exists.Please don't $session->start();
INFO - 2023-04-22 03:45:50 --> Session: Class initialized using 'CodeIgniter\Session\Handlers\FileHandler' driver.
WARNING - 2023-04-22 03:45:50 --> Session: Sessions is enabled, and one exists.Please don't $session->start();
INFO - 2023-04-22 03:45:50 --> Session: Class initialized using 'CodeIgniter\Session\Handlers\FileHandler' driver.
WARNING - 2023-04-22 03:45:50 --> Session: Sessions is enabled, and one exists.Please don't $session->start();
INFO - 2023-04-22 03:46:11 --> Session: Class initialized using 'CodeIgniter\Session\Handlers\FileHandler' driver.
WARNING - 2023-04-22 03:46:11 --> Session: Sessions is enabled, and one exists.Please don't $session->start();
INFO - 2023-04-22 03:46:11 --> Session: Class initialized using 'CodeIgniter\Session\Handlers\FileHandler' driver.
WARNING - 2023-04-22 03:46:11 --> Session: Sessions is enabled, and one exists.Please don't $session->start();
INFO - 2023-04-22 03:46:18 --> Session: Class initialized using 'CodeIgniter\Session\Handlers\FileHandler' driver.
WARNING - 2023-04-22 03:46:18 --> Session: Sessions is enabled, and one exists.Please don't $session->start();
INFO - 2023-04-22 03:46:31 --> Session: Class initialized using 'CodeIgniter\Session\Handlers\FileHandler' driver.
WARNING - 2023-04-22 03:46:31 --> Session: Sessions is enabled, and one exists.Please don't $session->start();
ERROR - 2023-04-22 03:46:32 --> mysqli_sql_exception: Duplicate entry '0' for key 'PRIMARY' in C:\xampp\htdocs\desarrollo\hostal\system\Database\MySQLi\Connection.php:295
Stack trace:
#0 C:\xampp\htdocs\desarrollo\hostal\system\Database\MySQLi\Connection.php(295): mysqli->query('INSERT INTO `re...', 0)
#1 C:\xampp\htdocs\desarrollo\hostal\system\Database\BaseConnection.php(691): CodeIgniter\Database\MySQLi\Connection->execute('INSERT INTO `re...')
#2 C:\xampp\htdocs\desarrollo\hostal\system\Database\BaseConnection.php(605): CodeIgniter\Database\BaseConnection->simpleQuery('INSERT INTO `re...')
#3 C:\xampp\htdocs\desarrollo\hostal\system\Database\BaseBuilder.php(2309): CodeIgniter\Database\BaseConnection->query('INSERT INTO `re...', Array, false)
#4 C:\xampp\htdocs\desarrollo\hostal\app\Libraries\Mysql.php(42): CodeIgniter\Database\BaseBuilder->insert(Array)
#5 C:\xampp\htdocs\desarrollo\hostal\app\Models\Reservas\ReservasModel.php(37): App\Libraries\Mysql->callProcess('reservaciones', Array, false, '')
#6 C:\xampp\htdocs\desarrollo\hostal\app\Controllers\ReservasController.php(127): App\Models\Reservas\ReservasModel->insertarReservas(Array)
#7 C:\xampp\htdocs\desarrollo\hostal\system\CodeIgniter.php(934): App\Controllers\ReservasController->procesarReservas()
#8 C:\xampp\htdocs\desarrollo\hostal\system\CodeIgniter.php(499): CodeIgniter\CodeIgniter->runController(Object(App\Controllers\ReservasController))
#9 C:\xampp\htdocs\desarrollo\hostal\system\CodeIgniter.php(368): CodeIgniter\CodeIgniter->handleRequest(NULL, Object(Config\Cache), false)
#10 C:\xampp\htdocs\desarrollo\hostal\index.php(67): CodeIgniter\CodeIgniter->run()
#11 {main}
CRITICAL - 2023-04-22 03:46:32 --> Duplicate entry '0' for key 'PRIMARY'
in SYSTEMPATH\Database\MySQLi\Connection.php on line 295.
 1 SYSTEMPATH\Database\MySQLi\Connection.php(295): mysqli->query('INSERT INTO `reservaciones` (`id_numero_habitacion`, `id_usuario`, `fecha_desde`, `fecha_hasta`, `estado_reservacion`, `precio_total`) VALUES (\'4567\', \'8\', \'2023-04-01\', \'2023-04-21\', \'PENDIENTE\', \'125.00\')', 0)
 2 SYSTEMPATH\Database\BaseConnection.php(691): CodeIgniter\Database\MySQLi\Connection->execute('INSERT INTO `reservaciones` (`id_numero_habitacion`, `id_usuario`, `fecha_desde`, `fecha_hasta`, `estado_reservacion`, `precio_total`) VALUES (\'4567\', \'8\', \'2023-04-01\', \'2023-04-21\', \'PENDIENTE\', \'125.00\')')
 3 SYSTEMPATH\Database\BaseConnection.php(605): CodeIgniter\Database\BaseConnection->simpleQuery('INSERT INTO `reservaciones` (`id_numero_habitacion`, `id_usuario`, `fecha_desde`, `fecha_hasta`, `estado_reservacion`, `precio_total`) VALUES (\'4567\', \'8\', \'2023-04-01\', \'2023-04-21\', \'PENDIENTE\', \'125.00\')')
 4 SYSTEMPATH\Database\BaseBuilder.php(2309): CodeIgniter\Database\BaseConnection->query('INSERT INTO `reservaciones` (`id_numero_habitacion`, `id_usuario`, `fecha_desde`, `fecha_hasta`, `estado_reservacion`, `precio_total`) VALUES (:id_numero_habitacion:, :id_usuario:, :fecha_desde:, :fecha_hasta:, :estado_reservacion:, :precio_total:)', [...], false)
 5 APPPATH\Libraries\Mysql.php(42): CodeIgniter\Database\BaseBuilder->insert([...])
 6 APPPATH\Models\Reservas\ReservasModel.php(37): App\Libraries\Mysql->callProcess('reservaciones', [...], false, '')
 7 APPPATH\Controllers\ReservasController.php(127): App\Models\Reservas\ReservasModel->insertarReservas([...])
 8 SYSTEMPATH\CodeIgniter.php(934): App\Controllers\ReservasController->procesarReservas()
 9 SYSTEMPATH\CodeIgniter.php(499): CodeIgniter\CodeIgniter->runController(Object(App\Controllers\ReservasController))
10 SYSTEMPATH\CodeIgniter.php(368): CodeIgniter\CodeIgniter->handleRequest(null, Object(Config\Cache), false)
11 FCPATH\index.php(67): CodeIgniter\CodeIgniter->run()
INFO - 2023-04-22 03:47:16 --> Session: Class initialized using 'CodeIgniter\Session\Handlers\FileHandler' driver.
WARNING - 2023-04-22 03:47:16 --> Session: Sessions is enabled, and one exists.Please don't $session->start();
INFO - 2023-04-22 03:47:24 --> Session: Class initialized using 'CodeIgniter\Session\Handlers\FileHandler' driver.
WARNING - 2023-04-22 03:47:24 --> Session: Sessions is enabled, and one exists.Please don't $session->start();
ERROR - 2023-04-22 03:47:24 --> mysqli_sql_exception: Duplicate entry '0' for key 'PRIMARY' in C:\xampp\htdocs\desarrollo\hostal\system\Database\MySQLi\Connection.php:295
Stack trace:
#0 C:\xampp\htdocs\desarrollo\hostal\system\Database\MySQLi\Connection.php(295): mysqli->query('INSERT INTO `re...', 0)
#1 C:\xampp\htdocs\desarrollo\hostal\system\Database\BaseConnection.php(691): CodeIgniter\Database\MySQLi\Connection->execute('INSERT INTO `re...')
#2 C:\xampp\htdocs\desarrollo\hostal\system\Database\BaseConnection.php(605): CodeIgniter\Database\BaseConnection->simpleQuery('INSERT INTO `re...')
#3 C:\xampp\htdocs\desarrollo\hostal\system\Database\BaseBuilder.php(2309): CodeIgniter\Database\BaseConnection->query('INSERT INTO `re...', Array, false)
#4 C:\xampp\htdocs\desarrollo\hostal\app\Libraries\Mysql.php(42): CodeIgniter\Database\BaseBuilder->insert(Array)
#5 C:\xampp\htdocs\desarrollo\hostal\app\Models\Reservas\ReservasModel.php(37): App\Libraries\Mysql->callProcess('reservaciones', Array, false, '')
#6 C:\xampp\htdocs\desarrollo\hostal\app\Controllers\ReservasController.php(127): App\Models\Reservas\ReservasModel->insertarReservas(Array)
#7 C:\xampp\htdocs\desarrollo\hostal\system\CodeIgniter.php(934): App\Controllers\ReservasController->procesarReservas()
#8 C:\xampp\htdocs\desarrollo\hostal\system\CodeIgniter.php(499): CodeIgniter\CodeIgniter->runController(Object(App\Controllers\ReservasController))
#9 C:\xampp\htdocs\desarrollo\hostal\system\CodeIgniter.php(368): CodeIgniter\CodeIgniter->handleRequest(NULL, Object(Config\Cache), false)
#10 C:\xampp\htdocs\desarrollo\hostal\index.php(67): CodeIgniter\CodeIgniter->run()
#11 {main}
CRITICAL - 2023-04-22 03:47:24 --> Duplicate entry '0' for key 'PRIMARY'
in SYSTEMPATH\Database\MySQLi\Connection.php on line 295.
 1 SYSTEMPATH\Database\MySQLi\Connection.php(295): mysqli->query('INSERT INTO `reservaciones` (`id_numero_habitacion`, `id_usuario`, `fecha_desde`, `fecha_hasta`, `estado_reservacion`, `precio_total`) VALUES (\'4567\', \'8\', \'2023-04-01\', \'2023-04-21\', \'PENDIENTE\', \'125.00\')', 0)
 2 SYSTEMPATH\Database\BaseConnection.php(691): CodeIgniter\Database\MySQLi\Connection->execute('INSERT INTO `reservaciones` (`id_numero_habitacion`, `id_usuario`, `fecha_desde`, `fecha_hasta`, `estado_reservacion`, `precio_total`) VALUES (\'4567\', \'8\', \'2023-04-01\', \'2023-04-21\', \'PENDIENTE\', \'125.00\')')
 3 SYSTEMPATH\Database\BaseConnection.php(605): CodeIgniter\Database\BaseConnection->simpleQuery('INSERT INTO `reservaciones` (`id_numero_habitacion`, `id_usuario`, `fecha_desde`, `fecha_hasta`, `estado_reservacion`, `precio_total`) VALUES (\'4567\', \'8\', \'2023-04-01\', \'2023-04-21\', \'PENDIENTE\', \'125.00\')')
 4 SYSTEMPATH\Database\BaseBuilder.php(2309): CodeIgniter\Database\BaseConnection->query('INSERT INTO `reservaciones` (`id_numero_habitacion`, `id_usuario`, `fecha_desde`, `fecha_hasta`, `estado_reservacion`, `precio_total`) VALUES (:id_numero_habitacion:, :id_usuario:, :fecha_desde:, :fecha_hasta:, :estado_reservacion:, :precio_total:)', [...], false)
 5 APPPATH\Libraries\Mysql.php(42): CodeIgniter\Database\BaseBuilder->insert([...])
 6 APPPATH\Models\Reservas\ReservasModel.php(37): App\Libraries\Mysql->callProcess('reservaciones', [...], false, '')
 7 APPPATH\Controllers\ReservasController.php(127): App\Models\Reservas\ReservasModel->insertarReservas([...])
 8 SYSTEMPATH\CodeIgniter.php(934): App\Controllers\ReservasController->procesarReservas()
 9 SYSTEMPATH\CodeIgniter.php(499): CodeIgniter\CodeIgniter->runController(Object(App\Controllers\ReservasController))
10 SYSTEMPATH\CodeIgniter.php(368): CodeIgniter\CodeIgniter->handleRequest(null, Object(Config\Cache), false)
11 FCPATH\index.php(67): CodeIgniter\CodeIgniter->run()
INFO - 2023-04-22 03:48:57 --> Session: Class initialized using 'CodeIgniter\Session\Handlers\FileHandler' driver.
WARNING - 2023-04-22 03:48:57 --> Session: Sessions is enabled, and one exists.Please don't $session->start();
INFO - 2023-04-22 03:49:17 --> Session: Class initialized using 'CodeIgniter\Session\Handlers\FileHandler' driver.
WARNING - 2023-04-22 03:49:17 --> Session: Sessions is enabled, and one exists.Please don't $session->start();
INFO - 2023-04-22 03:49:18 --> Session: Class initialized using 'CodeIgniter\Session\Handlers\FileHandler' driver.
WARNING - 2023-04-22 03:49:18 --> Session: Sessions is enabled, and one exists.Please don't $session->start();
INFO - 2023-04-22 03:49:19 --> Session: Class initialized using 'CodeIgniter\Session\Handlers\FileHandler' driver.
WARNING - 2023-04-22 03:49:19 --> Session: Sessions is enabled, and one exists.Please don't $session->start();
INFO - 2023-04-22 03:49:19 --> Session: Class initialized using 'CodeIgniter\Session\Handlers\FileHandler' driver.
WARNING - 2023-04-22 03:49:19 --> Session: Sessions is enabled, and one exists.Please don't $session->start();
INFO - 2023-04-22 03:49:20 --> Session: Class initialized using 'CodeIgniter\Session\Handlers\FileHandler' driver.
WARNING - 2023-04-22 03:49:20 --> Session: Sessions is enabled, and one exists.Please don't $session->start();
INFO - 2023-04-22 03:49:20 --> Session: Class initialized using 'CodeIgniter\Session\Handlers\FileHandler' driver.
WARNING - 2023-04-22 03:49:20 --> Session: Sessions is enabled, and one exists.Please don't $session->start();
INFO - 2023-04-22 03:50:13 --> Session: Class initialized using 'CodeIgniter\Session\Handlers\FileHandler' driver.
WARNING - 2023-04-22 03:50:13 --> Session: Sessions is enabled, and one exists.Please don't $session->start();
INFO - 2023-04-22 03:50:14 --> Session: Class initialized using 'CodeIgniter\Session\Handlers\FileHandler' driver.
WARNING - 2023-04-22 03:50:14 --> Session: Sessions is enabled, and one exists.Please don't $session->start();
INFO - 2023-04-22 03:50:36 --> Session: Class initialized using 'CodeIgniter\Session\Handlers\FileHandler' driver.
INFO - 2023-04-22 03:50:36 --> Session: Class initialized using 'CodeIgniter\Session\Handlers\FileHandler' driver.
WARNING - 2023-04-22 03:50:36 --> Session: Sessions is enabled, and one exists.Please don't $session->start();
INFO - 2023-04-22 03:50:37 --> Session: Class initialized using 'CodeIgniter\Session\Handlers\FileHandler' driver.
WARNING - 2023-04-22 03:50:37 --> Session: Sessions is enabled, and one exists.Please don't $session->start();
INFO - 2023-04-22 03:50:37 --> Session: Class initialized using 'CodeIgniter\Session\Handlers\FileHandler' driver.
WARNING - 2023-04-22 03:50:37 --> Session: Sessions is enabled, and one exists.Please don't $session->start();
INFO - 2023-04-22 03:50:48 --> Session: Class initialized using 'CodeIgniter\Session\Handlers\FileHandler' driver.
WARNING - 2023-04-22 03:50:48 --> Session: Sessions is enabled, and one exists.Please don't $session->start();
INFO - 2023-04-22 03:50:49 --> Session: Class initialized using 'CodeIgniter\Session\Handlers\FileHandler' driver.
WARNING - 2023-04-22 03:50:49 --> Session: Sessions is enabled, and one exists.Please don't $session->start();
INFO - 2023-04-22 03:51:04 --> Session: Class initialized using 'CodeIgniter\Session\Handlers\FileHandler' driver.
WARNING - 2023-04-22 03:51:04 --> Session: Sessions is enabled, and one exists.Please don't $session->start();
INFO - 2023-04-22 03:51:13 --> Session: Class initialized using 'CodeIgniter\Session\Handlers\FileHandler' driver.
WARNING - 2023-04-22 03:51:13 --> Session: Sessions is enabled, and one exists.Please don't $session->start();
INFO - 2023-04-22 03:51:13 --> Session: Class initialized using 'CodeIgniter\Session\Handlers\FileHandler' driver.
WARNING - 2023-04-22 03:51:13 --> Session: Sessions is enabled, and one exists.Please don't $session->start();
INFO - 2023-04-22 03:51:13 --> Session: Class initialized using 'CodeIgniter\Session\Handlers\FileHandler' driver.
WARNING - 2023-04-22 03:51:13 --> Session: Sessions is enabled, and one exists.Please don't $session->start();
INFO - 2023-04-22 03:51:14 --> Session: Class initialized using 'CodeIgniter\Session\Handlers\FileHandler' driver.
WARNING - 2023-04-22 03:51:14 --> Session: Sessions is enabled, and one exists.Please don't $session->start();
INFO - 2023-04-22 03:51:52 --> Session: Class initialized using 'CodeIgniter\Session\Handlers\FileHandler' driver.
WARNING - 2023-04-22 03:51:52 --> Session: Sessions is enabled, and one exists.Please don't $session->start();
INFO - 2023-04-22 03:51:56 --> Session: Class initialized using 'CodeIgniter\Session\Handlers\FileHandler' driver.
WARNING - 2023-04-22 03:51:56 --> Session: Sessions is enabled, and one exists.Please don't $session->start();
INFO - 2023-04-22 03:51:56 --> Session: Class initialized using 'CodeIgniter\Session\Handlers\FileHandler' driver.
WARNING - 2023-04-22 03:51:56 --> Session: Sessions is enabled, and one exists.Please don't $session->start();
INFO - 2023-04-22 03:51:56 --> Session: Class initialized using 'CodeIgniter\Session\Handlers\FileHandler' driver.
WARNING - 2023-04-22 03:51:56 --> Session: Sessions is enabled, and one exists.Please don't $session->start();
INFO - 2023-04-22 03:51:56 --> Session: Class initialized using 'CodeIgniter\Session\Handlers\FileHandler' driver.
WARNING - 2023-04-22 03:51:56 --> Session: Sessions is enabled, and one exists.Please don't $session->start();
INFO - 2023-04-22 03:51:56 --> Session: Class initialized using 'CodeIgniter\Session\Handlers\FileHandler' driver.
WARNING - 2023-04-22 03:51:56 --> Session: Sessions is enabled, and one exists.Please don't $session->start();
INFO - 2023-04-22 03:51:56 --> Session: Class initialized using 'CodeIgniter\Session\Handlers\FileHandler' driver.
WARNING - 2023-04-22 03:51:56 --> Session: Sessions is enabled, and one exists.Please don't $session->start();
INFO - 2023-04-22 03:52:30 --> Session: Class initialized using 'CodeIgniter\Session\Handlers\FileHandler' driver.
WARNING - 2023-04-22 03:52:30 --> Session: Sessions is enabled, and one exists.Please don't $session->start();
INFO - 2023-04-22 03:52:31 --> Session: Class initialized using 'CodeIgniter\Session\Handlers\FileHandler' driver.
WARNING - 2023-04-22 03:52:31 --> Session: Sessions is enabled, and one exists.Please don't $session->start();
INFO - 2023-04-22 03:53:07 --> Session: Class initialized using 'CodeIgniter\Session\Handlers\FileHandler' driver.
INFO - 2023-04-22 03:53:07 --> Session: Class initialized using 'CodeIgniter\Session\Handlers\FileHandler' driver.
WARNING - 2023-04-22 03:53:07 --> Session: Sessions is enabled, and one exists.Please don't $session->start();
INFO - 2023-04-22 03:53:07 --> Session: Class initialized using 'CodeIgniter\Session\Handlers\FileHandler' driver.
WARNING - 2023-04-22 03:53:07 --> Session: Sessions is enabled, and one exists.Please don't $session->start();
INFO - 2023-04-22 03:53:07 --> Session: Class initialized using 'CodeIgniter\Session\Handlers\FileHandler' driver.
WARNING - 2023-04-22 03:53:07 --> Session: Sessions is enabled, and one exists.Please don't $session->start();
INFO - 2023-04-22 03:53:10 --> Session: Class initialized using 'CodeIgniter\Session\Handlers\FileHandler' driver.
WARNING - 2023-04-22 03:53:10 --> Session: Sessions is enabled, and one exists.Please don't $session->start();
INFO - 2023-04-22 03:53:10 --> Session: Class initialized using 'CodeIgniter\Session\Handlers\FileHandler' driver.
WARNING - 2023-04-22 03:53:10 --> Session: Sessions is enabled, and one exists.Please don't $session->start();
INFO - 2023-04-22 03:53:15 --> Session: Class initialized using 'CodeIgniter\Session\Handlers\FileHandler' driver.
WARNING - 2023-04-22 03:53:15 --> Session: Sessions is enabled, and one exists.Please don't $session->start();
INFO - 2023-04-22 03:53:29 --> Session: Class initialized using 'CodeIgniter\Session\Handlers\FileHandler' driver.
WARNING - 2023-04-22 03:53:29 --> Session: Sessions is enabled, and one exists.Please don't $session->start();
INFO - 2023-04-22 03:53:31 --> Session: Class initialized using 'CodeIgniter\Session\Handlers\FileHandler' driver.
WARNING - 2023-04-22 03:53:31 --> Session: Sessions is enabled, and one exists.Please don't $session->start();
INFO - 2023-04-22 03:53:31 --> Session: Class initialized using 'CodeIgniter\Session\Handlers\FileHandler' driver.
WARNING - 2023-04-22 03:53:31 --> Session: Sessions is enabled, and one exists.Please don't $session->start();
INFO - 2023-04-22 03:53:31 --> Session: Class initialized using 'CodeIgniter\Session\Handlers\FileHandler' driver.
WARNING - 2023-04-22 03:53:31 --> Session: Sessions is enabled, and one exists.Please don't $session->start();
INFO - 2023-04-22 03:53:31 --> Session: Class initialized using 'CodeIgniter\Session\Handlers\FileHandler' driver.
WARNING - 2023-04-22 03:53:31 --> Session: Sessions is enabled, and one exists.Please don't $session->start();
INFO - 2023-04-22 03:53:32 --> Session: Class initialized using 'CodeIgniter\Session\Handlers\FileHandler' driver.
WARNING - 2023-04-22 03:53:32 --> Session: Sessions is enabled, and one exists.Please don't $session->start();
INFO - 2023-04-22 03:53:33 --> Session: Class initialized using 'CodeIgniter\Session\Handlers\FileHandler' driver.
WARNING - 2023-04-22 03:53:33 --> Session: Sessions is enabled, and one exists.Please don't $session->start();
INFO - 2023-04-22 03:53:42 --> Session: Class initialized using 'CodeIgniter\Session\Handlers\FileHandler' driver.
WARNING - 2023-04-22 03:53:42 --> Session: Sessions is enabled, and one exists.Please don't $session->start();
INFO - 2023-04-22 03:53:43 --> Session: Class initialized using 'CodeIgniter\Session\Handlers\FileHandler' driver.
WARNING - 2023-04-22 03:53:43 --> Session: Sessions is enabled, and one exists.Please don't $session->start();
INFO - 2023-04-22 03:53:51 --> Session: Class initialized using 'CodeIgniter\Session\Handlers\FileHandler' driver.
INFO - 2023-04-22 03:53:51 --> Session: Class initialized using 'CodeIgniter\Session\Handlers\FileHandler' driver.
WARNING - 2023-04-22 03:53:51 --> Session: Sessions is enabled, and one exists.Please don't $session->start();
INFO - 2023-04-22 03:53:51 --> Session: Class initialized using 'CodeIgniter\Session\Handlers\FileHandler' driver.
WARNING - 2023-04-22 03:53:51 --> Session: Sessions is enabled, and one exists.Please don't $session->start();
INFO - 2023-04-22 03:53:51 --> Session: Class initialized using 'CodeIgniter\Session\Handlers\FileHandler' driver.
WARNING - 2023-04-22 03:53:51 --> Session: Sessions is enabled, and one exists.Please don't $session->start();
INFO - 2023-04-22 03:53:55 --> Session: Class initialized using 'CodeIgniter\Session\Handlers\FileHandler' driver.
WARNING - 2023-04-22 03:53:55 --> Session: Sessions is enabled, and one exists.Please don't $session->start();
INFO - 2023-04-22 03:53:55 --> Session: Class initialized using 'CodeIgniter\Session\Handlers\FileHandler' driver.
WARNING - 2023-04-22 03:53:55 --> Session: Sessions is enabled, and one exists.Please don't $session->start();
INFO - 2023-04-22 03:54:29 --> Session: Class initialized using 'CodeIgniter\Session\Handlers\FileHandler' driver.
WARNING - 2023-04-22 03:54:29 --> Session: Sessions is enabled, and one exists.Please don't $session->start();
INFO - 2023-04-22 03:54:29 --> Session: Class initialized using 'CodeIgniter\Session\Handlers\FileHandler' driver.
WARNING - 2023-04-22 03:54:29 --> Session: Sessions is enabled, and one exists.Please don't $session->start();
INFO - 2023-04-22 03:54:41 --> Session: Class initialized using 'CodeIgniter\Session\Handlers\FileHandler' driver.
INFO - 2023-04-22 03:54:41 --> Session: Class initialized using 'CodeIgniter\Session\Handlers\FileHandler' driver.
WARNING - 2023-04-22 03:54:41 --> Session: Sessions is enabled, and one exists.Please don't $session->start();
INFO - 2023-04-22 03:54:41 --> Session: Class initialized using 'CodeIgniter\Session\Handlers\FileHandler' driver.
WARNING - 2023-04-22 03:54:41 --> Session: Sessions is enabled, and one exists.Please don't $session->start();
INFO - 2023-04-22 03:54:41 --> Session: Class initialized using 'CodeIgniter\Session\Handlers\FileHandler' driver.
WARNING - 2023-04-22 03:54:41 --> Session: Sessions is enabled, and one exists.Please don't $session->start();
INFO - 2023-04-22 03:54:43 --> Session: Class initialized using 'CodeIgniter\Session\Handlers\FileHandler' driver.
WARNING - 2023-04-22 03:54:43 --> Session: Sessions is enabled, and one exists.Please don't $session->start();
INFO - 2023-04-22 03:54:43 --> Session: Class initialized using 'CodeIgniter\Session\Handlers\FileHandler' driver.
WARNING - 2023-04-22 03:54:43 --> Session: Sessions is enabled, and one exists.Please don't $session->start();
INFO - 2023-04-22 03:55:01 --> Session: Class initialized using 'CodeIgniter\Session\Handlers\FileHandler' driver.
WARNING - 2023-04-22 03:55:01 --> Session: Sessions is enabled, and one exists.Please don't $session->start();
INFO - 2023-04-22 03:55:01 --> Session: Class initialized using 'CodeIgniter\Session\Handlers\FileHandler' driver.
WARNING - 2023-04-22 03:55:01 --> Session: Sessions is enabled, and one exists.Please don't $session->start();
INFO - 2023-04-22 03:58:03 --> Session: Class initialized using 'CodeIgniter\Session\Handlers\FileHandler' driver.
WARNING - 2023-04-22 03:58:03 --> Session: Sessions is enabled, and one exists.Please don't $session->start();
INFO - 2023-04-22 03:59:59 --> Session: Class initialized using 'CodeIgniter\Session\Handlers\FileHandler' driver.
WARNING - 2023-04-22 03:59:59 --> Session: Sessions is enabled, and one exists.Please don't $session->start();
INFO - 2023-04-22 04:00:12 --> Session: Class initialized using 'CodeIgniter\Session\Handlers\FileHandler' driver.
WARNING - 2023-04-22 04:00:12 --> Session: Sessions is enabled, and one exists.Please don't $session->start();
